Setting up a new session...
----------------- Options ---------------
               batch_size: 256                           	[default: 1]
                    beta1: 0.5                           
          checkpoints_dir: ./checkpoints                 
           continue_train: False                         
                crop_size: 256                           
                 dataroot: ./datasets/gaugan/            	[default: None]
             dataset_mode: aligned                       
                direction: AtoB                          
              display_env: main                          
             display_freq: 400                           
               display_id: 1                             
            display_ncols: 4                             
             display_port: 8097                          
           display_server: http://localhost              
          display_winsize: 256                           
                    epoch: latest                        
              epoch_count: 1                             
                 gan_mode: vanilla                       
                  gpu_ids: 0,1,2,3,4,5,6,7               	[default: 0]
                init_gain: 0.02                          
                init_type: normal                        
                 input_nc: 3                             
                  isTrain: True                          	[default: None]
                lambda_L1: 100.0                         
                load_iter: 0                             	[default: 0]
                load_size: 286                           
                       lr: 0.0002                        
           lr_decay_iters: 50                            
                lr_policy: linear                        
         max_dataset_size: inf                           
                    model: pix2pix                       	[default: cycle_gan]
                 n_epochs: 300                           	[default: 100]
           n_epochs_decay: 100                           
               n_layers_D: 3                             
                     name: gaugan_atob_pix2pix           	[default: experiment_name]
                      ndf: 64                            
                     netD: basic                         
                     netG: unet_256                      
                      ngf: 64                            
               no_dropout: False                         
                  no_flip: False                         
                  no_html: False                         
                     norm: batch                         
              num_threads: 4                             
                output_nc: 3                             
                    phase: train                         
                pool_size: 0                             
               preprocess: resize_and_crop               
               print_freq: 100                           
             save_by_iter: False                         
          save_epoch_freq: 20                            	[default: 5]
         save_latest_freq: 5000                          
           serial_batches: False                         
                   suffix:                               
         update_html_freq: 1000                          
                  verbose: False                         
----------------- End -------------------
dataset [AlignedDataset] was created
The number of training images = 148
initialize network with normal
initialize network with normal
model [Pix2PixModel] was created
---------- Networks initialized -------------
[Network G] Total number of parameters : 54.414 M
[Network D] Total number of parameters : 2.769 M
-----------------------------------------------
create web directory ./checkpoints/gaugan_atob_pix2pix/web...
learning rate 0.0002000 -> 0.0002000
/home/user/swk/anaconda3/envs/torch38/lib/python3.8/site-packages/torch/optim/lr_scheduler.py:131: UserWarning: Detected call of `lr_scheduler.step()` before `optimizer.step()`. In PyTorch 1.1.0 and later, you should call them in the opposite order: `optimizer.step()` before `lr_scheduler.step()`.  Failure to do this will result in PyTorch skipping the first value of the learning rate schedule. See more details at https://pytorch.org/docs/stable/optim.html#how-to-adjust-learning-rate
  warnings.warn("Detected call of `lr_scheduler.step()` before `optimizer.step()`. "
End of epoch 1 / 400 	 Time Taken: 29 sec
learning rate 0.0002000 -> 0.0002000
End of epoch 2 / 400 	 Time Taken: 2 sec
learning rate 0.0002000 -> 0.0002000
End of epoch 3 / 400 	 Time Taken: 2 sec
learning rate 0.0002000 -> 0.0002000
End of epoch 4 / 400 	 Time Taken: 2 sec
learning rate 0.0002000 -> 0.0002000
End of epoch 5 / 400 	 Time Taken: 2 sec
learning rate 0.0002000 -> 0.0002000
End of epoch 6 / 400 	 Time Taken: 2 sec
learning rate 0.0002000 -> 0.0002000
End of epoch 7 / 400 	 Time Taken: 2 sec
learning rate 0.0002000 -> 0.0002000
End of epoch 8 / 400 	 Time Taken: 2 sec
learning rate 0.0002000 -> 0.0002000
End of epoch 9 / 400 	 Time Taken: 2 sec
learning rate 0.0002000 -> 0.0002000
End of epoch 10 / 400 	 Time Taken: 2 sec
learning rate 0.0002000 -> 0.0002000
End of epoch 11 / 400 	 Time Taken: 2 sec
learning rate 0.0002000 -> 0.0002000
End of epoch 12 / 400 	 Time Taken: 2 sec
learning rate 0.0002000 -> 0.0002000
End of epoch 13 / 400 	 Time Taken: 2 sec
learning rate 0.0002000 -> 0.0002000
End of epoch 14 / 400 	 Time Taken: 2 sec
learning rate 0.0002000 -> 0.0002000
End of epoch 15 / 400 	 Time Taken: 2 sec
learning rate 0.0002000 -> 0.0002000
End of epoch 16 / 400 	 Time Taken: 2 sec
learning rate 0.0002000 -> 0.0002000
End of epoch 17 / 400 	 Time Taken: 2 sec
learning rate 0.0002000 -> 0.0002000
End of epoch 18 / 400 	 Time Taken: 2 sec
learning rate 0.0002000 -> 0.0002000
End of epoch 19 / 400 	 Time Taken: 2 sec
learning rate 0.0002000 -> 0.0002000
saving the model at the end of epoch 20, iters 5120
End of epoch 20 / 400 	 Time Taken: 4 sec
learning rate 0.0002000 -> 0.0002000
End of epoch 21 / 400 	 Time Taken: 2 sec
learning rate 0.0002000 -> 0.0002000
End of epoch 22 / 400 	 Time Taken: 2 sec
learning rate 0.0002000 -> 0.0002000
End of epoch 23 / 400 	 Time Taken: 2 sec
learning rate 0.0002000 -> 0.0002000
End of epoch 24 / 400 	 Time Taken: 2 sec
learning rate 0.0002000 -> 0.0002000
(epoch: 25, iters: 256, time: 0.002, data: 1.532) G_GAN: 1.016 G_L1: 10.761 D_real: 0.842 D_fake: 0.741 
End of epoch 25 / 400 	 Time Taken: 2 sec
learning rate 0.0002000 -> 0.0002000
End of epoch 26 / 400 	 Time Taken: 2 sec
learning rate 0.0002000 -> 0.0002000
End of epoch 27 / 400 	 Time Taken: 2 sec
learning rate 0.0002000 -> 0.0002000
End of epoch 28 / 400 	 Time Taken: 2 sec
learning rate 0.0002000 -> 0.0002000
End of epoch 29 / 400 	 Time Taken: 2 sec
learning rate 0.0002000 -> 0.0002000
End of epoch 30 / 400 	 Time Taken: 2 sec
learning rate 0.0002000 -> 0.0002000
End of epoch 31 / 400 	 Time Taken: 2 sec
learning rate 0.0002000 -> 0.0002000
End of epoch 32 / 400 	 Time Taken: 2 sec
learning rate 0.0002000 -> 0.0002000
End of epoch 33 / 400 	 Time Taken: 2 sec
learning rate 0.0002000 -> 0.0002000
End of epoch 34 / 400 	 Time Taken: 2 sec
learning rate 0.0002000 -> 0.0002000
End of epoch 35 / 400 	 Time Taken: 2 sec
learning rate 0.0002000 -> 0.0002000
End of epoch 36 / 400 	 Time Taken: 2 sec
learning rate 0.0002000 -> 0.0002000
End of epoch 37 / 400 	 Time Taken: 2 sec
learning rate 0.0002000 -> 0.0002000
End of epoch 38 / 400 	 Time Taken: 2 sec
learning rate 0.0002000 -> 0.0002000
End of epoch 39 / 400 	 Time Taken: 2 sec
learning rate 0.0002000 -> 0.0002000
saving the model at the end of epoch 40, iters 10240
End of epoch 40 / 400 	 Time Taken: 4 sec
learning rate 0.0002000 -> 0.0002000
End of epoch 41 / 400 	 Time Taken: 2 sec
learning rate 0.0002000 -> 0.0002000
End of epoch 42 / 400 	 Time Taken: 2 sec
learning rate 0.0002000 -> 0.0002000
End of epoch 43 / 400 	 Time Taken: 2 sec
learning rate 0.0002000 -> 0.0002000
End of epoch 44 / 400 	 Time Taken: 2 sec
learning rate 0.0002000 -> 0.0002000
End of epoch 45 / 400 	 Time Taken: 2 sec
learning rate 0.0002000 -> 0.0002000
End of epoch 46 / 400 	 Time Taken: 2 sec
learning rate 0.0002000 -> 0.0002000
End of epoch 47 / 400 	 Time Taken: 2 sec
learning rate 0.0002000 -> 0.0002000
End of epoch 48 / 400 	 Time Taken: 2 sec
learning rate 0.0002000 -> 0.0002000
End of epoch 49 / 400 	 Time Taken: 2 sec
learning rate 0.0002000 -> 0.0002000
(epoch: 50, iters: 256, time: 0.002, data: 1.794) G_GAN: 0.892 G_L1: 7.911 D_real: 0.694 D_fake: 0.572 
End of epoch 50 / 400 	 Time Taken: 2 sec
learning rate 0.0002000 -> 0.0002000
End of epoch 51 / 400 	 Time Taken: 2 sec
learning rate 0.0002000 -> 0.0002000
End of epoch 52 / 400 	 Time Taken: 2 sec
learning rate 0.0002000 -> 0.0002000
End of epoch 53 / 400 	 Time Taken: 2 sec
learning rate 0.0002000 -> 0.0002000
End of epoch 54 / 400 	 Time Taken: 2 sec
learning rate 0.0002000 -> 0.0002000
End of epoch 55 / 400 	 Time Taken: 2 sec
learning rate 0.0002000 -> 0.0002000
End of epoch 56 / 400 	 Time Taken: 2 sec
learning rate 0.0002000 -> 0.0002000
End of epoch 57 / 400 	 Time Taken: 2 sec
learning rate 0.0002000 -> 0.0002000
End of epoch 58 / 400 	 Time Taken: 2 sec
learning rate 0.0002000 -> 0.0002000
End of epoch 59 / 400 	 Time Taken: 2 sec
learning rate 0.0002000 -> 0.0002000
saving the model at the end of epoch 60, iters 15360
End of epoch 60 / 400 	 Time Taken: 4 sec
learning rate 0.0002000 -> 0.0002000
End of epoch 61 / 400 	 Time Taken: 2 sec
learning rate 0.0002000 -> 0.0002000
End of epoch 62 / 400 	 Time Taken: 2 sec
learning rate 0.0002000 -> 0.0002000
End of epoch 63 / 400 	 Time Taken: 2 sec
learning rate 0.0002000 -> 0.0002000
End of epoch 64 / 400 	 Time Taken: 2 sec
learning rate 0.0002000 -> 0.0002000
End of epoch 65 / 400 	 Time Taken: 2 sec
learning rate 0.0002000 -> 0.0002000
End of epoch 66 / 400 	 Time Taken: 2 sec
learning rate 0.0002000 -> 0.0002000
End of epoch 67 / 400 	 Time Taken: 2 sec
learning rate 0.0002000 -> 0.0002000
End of epoch 68 / 400 	 Time Taken: 2 sec
learning rate 0.0002000 -> 0.0002000
End of epoch 69 / 400 	 Time Taken: 2 sec
learning rate 0.0002000 -> 0.0002000
End of epoch 70 / 400 	 Time Taken: 2 sec
learning rate 0.0002000 -> 0.0002000
End of epoch 71 / 400 	 Time Taken: 2 sec
learning rate 0.0002000 -> 0.0002000
End of epoch 72 / 400 	 Time Taken: 2 sec
learning rate 0.0002000 -> 0.0002000
End of epoch 73 / 400 	 Time Taken: 2 sec
learning rate 0.0002000 -> 0.0002000
End of epoch 74 / 400 	 Time Taken: 2 sec
learning rate 0.0002000 -> 0.0002000
(epoch: 75, iters: 256, time: 0.003, data: 1.832) G_GAN: 0.882 G_L1: 6.654 D_real: 0.735 D_fake: 0.591 
End of epoch 75 / 400 	 Time Taken: 2 sec
learning rate 0.0002000 -> 0.0002000
End of epoch 76 / 400 	 Time Taken: 2 sec
learning rate 0.0002000 -> 0.0002000
End of epoch 77 / 400 	 Time Taken: 2 sec
learning rate 0.0002000 -> 0.0002000
End of epoch 78 / 400 	 Time Taken: 2 sec
learning rate 0.0002000 -> 0.0002000
End of epoch 79 / 400 	 Time Taken: 2 sec
learning rate 0.0002000 -> 0.0002000
saving the model at the end of epoch 80, iters 20480
End of epoch 80 / 400 	 Time Taken: 4 sec
learning rate 0.0002000 -> 0.0002000
End of epoch 81 / 400 	 Time Taken: 2 sec
learning rate 0.0002000 -> 0.0002000
End of epoch 82 / 400 	 Time Taken: 2 sec
learning rate 0.0002000 -> 0.0002000
End of epoch 83 / 400 	 Time Taken: 2 sec
learning rate 0.0002000 -> 0.0002000
End of epoch 84 / 400 	 Time Taken: 2 sec
learning rate 0.0002000 -> 0.0002000
End of epoch 85 / 400 	 Time Taken: 2 sec
learning rate 0.0002000 -> 0.0002000
End of epoch 86 / 400 	 Time Taken: 2 sec
learning rate 0.0002000 -> 0.0002000
End of epoch 87 / 400 	 Time Taken: 2 sec
learning rate 0.0002000 -> 0.0002000
End of epoch 88 / 400 	 Time Taken: 2 sec
learning rate 0.0002000 -> 0.0002000
End of epoch 89 / 400 	 Time Taken: 2 sec
learning rate 0.0002000 -> 0.0002000
End of epoch 90 / 400 	 Time Taken: 2 sec
learning rate 0.0002000 -> 0.0002000
End of epoch 91 / 400 	 Time Taken: 2 sec
learning rate 0.0002000 -> 0.0002000
End of epoch 92 / 400 	 Time Taken: 2 sec
learning rate 0.0002000 -> 0.0002000
End of epoch 93 / 400 	 Time Taken: 2 sec
learning rate 0.0002000 -> 0.0002000
End of epoch 94 / 400 	 Time Taken: 2 sec
learning rate 0.0002000 -> 0.0002000
End of epoch 95 / 400 	 Time Taken: 2 sec
learning rate 0.0002000 -> 0.0002000
End of epoch 96 / 400 	 Time Taken: 2 sec
learning rate 0.0002000 -> 0.0002000
End of epoch 97 / 400 	 Time Taken: 2 sec
learning rate 0.0002000 -> 0.0002000
End of epoch 98 / 400 	 Time Taken: 2 sec
learning rate 0.0002000 -> 0.0002000
End of epoch 99 / 400 	 Time Taken: 2 sec
learning rate 0.0002000 -> 0.0002000
(epoch: 100, iters: 256, time: 0.003, data: 1.905) G_GAN: 0.934 G_L1: 6.016 D_real: 0.797 D_fake: 0.559 
saving the model at the end of epoch 100, iters 25600
End of epoch 100 / 400 	 Time Taken: 5 sec
learning rate 0.0002000 -> 0.0002000
End of epoch 101 / 400 	 Time Taken: 2 sec
learning rate 0.0002000 -> 0.0002000
End of epoch 102 / 400 	 Time Taken: 2 sec
learning rate 0.0002000 -> 0.0002000
End of epoch 103 / 400 	 Time Taken: 2 sec
learning rate 0.0002000 -> 0.0002000
End of epoch 104 / 400 	 Time Taken: 2 sec
learning rate 0.0002000 -> 0.0002000
End of epoch 105 / 400 	 Time Taken: 2 sec
learning rate 0.0002000 -> 0.0002000
End of epoch 106 / 400 	 Time Taken: 2 sec
learning rate 0.0002000 -> 0.0002000
End of epoch 107 / 400 	 Time Taken: 2 sec
learning rate 0.0002000 -> 0.0002000
End of epoch 108 / 400 	 Time Taken: 2 sec
learning rate 0.0002000 -> 0.0002000
End of epoch 109 / 400 	 Time Taken: 2 sec
learning rate 0.0002000 -> 0.0002000
End of epoch 110 / 400 	 Time Taken: 2 sec
learning rate 0.0002000 -> 0.0002000
End of epoch 111 / 400 	 Time Taken: 2 sec
learning rate 0.0002000 -> 0.0002000
End of epoch 112 / 400 	 Time Taken: 2 sec
learning rate 0.0002000 -> 0.0002000
End of epoch 113 / 400 	 Time Taken: 2 sec
learning rate 0.0002000 -> 0.0002000
End of epoch 114 / 400 	 Time Taken: 2 sec
learning rate 0.0002000 -> 0.0002000
End of epoch 115 / 400 	 Time Taken: 2 sec
learning rate 0.0002000 -> 0.0002000
End of epoch 116 / 400 	 Time Taken: 2 sec
learning rate 0.0002000 -> 0.0002000
End of epoch 117 / 400 	 Time Taken: 2 sec
learning rate 0.0002000 -> 0.0002000
End of epoch 118 / 400 	 Time Taken: 2 sec
learning rate 0.0002000 -> 0.0002000
End of epoch 119 / 400 	 Time Taken: 2 sec
learning rate 0.0002000 -> 0.0002000
saving the model at the end of epoch 120, iters 30720
End of epoch 120 / 400 	 Time Taken: 4 sec
learning rate 0.0002000 -> 0.0002000
End of epoch 121 / 400 	 Time Taken: 2 sec
learning rate 0.0002000 -> 0.0002000
End of epoch 122 / 400 	 Time Taken: 2 sec
learning rate 0.0002000 -> 0.0002000
End of epoch 123 / 400 	 Time Taken: 2 sec
learning rate 0.0002000 -> 0.0002000
End of epoch 124 / 400 	 Time Taken: 2 sec
learning rate 0.0002000 -> 0.0002000
(epoch: 125, iters: 256, time: 0.003, data: 1.839) G_GAN: 0.922 G_L1: 5.363 D_real: 0.577 D_fake: 0.645 
End of epoch 125 / 400 	 Time Taken: 2 sec
learning rate 0.0002000 -> 0.0002000
End of epoch 126 / 400 	 Time Taken: 2 sec
learning rate 0.0002000 -> 0.0002000
End of epoch 127 / 400 	 Time Taken: 2 sec
learning rate 0.0002000 -> 0.0002000
End of epoch 128 / 400 	 Time Taken: 2 sec
learning rate 0.0002000 -> 0.0002000
End of epoch 129 / 400 	 Time Taken: 2 sec
learning rate 0.0002000 -> 0.0002000
End of epoch 130 / 400 	 Time Taken: 2 sec
learning rate 0.0002000 -> 0.0002000
End of epoch 131 / 400 	 Time Taken: 2 sec
learning rate 0.0002000 -> 0.0002000
End of epoch 132 / 400 	 Time Taken: 2 sec
learning rate 0.0002000 -> 0.0002000
End of epoch 133 / 400 	 Time Taken: 2 sec
learning rate 0.0002000 -> 0.0002000
End of epoch 134 / 400 	 Time Taken: 2 sec
learning rate 0.0002000 -> 0.0002000
End of epoch 135 / 400 	 Time Taken: 2 sec
learning rate 0.0002000 -> 0.0002000
End of epoch 136 / 400 	 Time Taken: 2 sec
learning rate 0.0002000 -> 0.0002000
End of epoch 137 / 400 	 Time Taken: 2 sec
learning rate 0.0002000 -> 0.0002000
End of epoch 138 / 400 	 Time Taken: 2 sec
learning rate 0.0002000 -> 0.0002000
End of epoch 139 / 400 	 Time Taken: 2 sec
learning rate 0.0002000 -> 0.0002000
saving the model at the end of epoch 140, iters 35840
End of epoch 140 / 400 	 Time Taken: 4 sec
learning rate 0.0002000 -> 0.0002000
End of epoch 141 / 400 	 Time Taken: 2 sec
learning rate 0.0002000 -> 0.0002000
End of epoch 142 / 400 	 Time Taken: 2 sec
learning rate 0.0002000 -> 0.0002000
End of epoch 143 / 400 	 Time Taken: 2 sec
learning rate 0.0002000 -> 0.0002000
End of epoch 144 / 400 	 Time Taken: 2 sec
learning rate 0.0002000 -> 0.0002000
End of epoch 145 / 400 	 Time Taken: 2 sec
learning rate 0.0002000 -> 0.0002000
End of epoch 146 / 400 	 Time Taken: 2 sec
learning rate 0.0002000 -> 0.0002000
End of epoch 147 / 400 	 Time Taken: 2 sec
learning rate 0.0002000 -> 0.0002000
End of epoch 148 / 400 	 Time Taken: 2 sec
learning rate 0.0002000 -> 0.0002000
End of epoch 149 / 400 	 Time Taken: 2 sec
learning rate 0.0002000 -> 0.0002000
(epoch: 150, iters: 256, time: 0.003, data: 1.837) G_GAN: 0.911 G_L1: 5.302 D_real: 0.551 D_fake: 0.620 
End of epoch 150 / 400 	 Time Taken: 2 sec
learning rate 0.0002000 -> 0.0002000
End of epoch 151 / 400 	 Time Taken: 2 sec
learning rate 0.0002000 -> 0.0002000
End of epoch 152 / 400 	 Time Taken: 2 sec
learning rate 0.0002000 -> 0.0002000
End of epoch 153 / 400 	 Time Taken: 2 sec
learning rate 0.0002000 -> 0.0002000
End of epoch 154 / 400 	 Time Taken: 2 sec
learning rate 0.0002000 -> 0.0002000
End of epoch 155 / 400 	 Time Taken: 2 sec
learning rate 0.0002000 -> 0.0002000
End of epoch 156 / 400 	 Time Taken: 2 sec
learning rate 0.0002000 -> 0.0002000
End of epoch 157 / 400 	 Time Taken: 2 sec
learning rate 0.0002000 -> 0.0002000
End of epoch 158 / 400 	 Time Taken: 2 sec
learning rate 0.0002000 -> 0.0002000
End of epoch 159 / 400 	 Time Taken: 2 sec
learning rate 0.0002000 -> 0.0002000
saving the model at the end of epoch 160, iters 40960
End of epoch 160 / 400 	 Time Taken: 4 sec
learning rate 0.0002000 -> 0.0002000
End of epoch 161 / 400 	 Time Taken: 2 sec
learning rate 0.0002000 -> 0.0002000
End of epoch 162 / 400 	 Time Taken: 2 sec
learning rate 0.0002000 -> 0.0002000
End of epoch 163 / 400 	 Time Taken: 2 sec
learning rate 0.0002000 -> 0.0002000
End of epoch 164 / 400 	 Time Taken: 2 sec
learning rate 0.0002000 -> 0.0002000
End of epoch 165 / 400 	 Time Taken: 2 sec
learning rate 0.0002000 -> 0.0002000
End of epoch 166 / 400 	 Time Taken: 2 sec
learning rate 0.0002000 -> 0.0002000
End of epoch 167 / 400 	 Time Taken: 2 sec
learning rate 0.0002000 -> 0.0002000
End of epoch 168 / 400 	 Time Taken: 2 sec
learning rate 0.0002000 -> 0.0002000
End of epoch 169 / 400 	 Time Taken: 2 sec
learning rate 0.0002000 -> 0.0002000
End of epoch 170 / 400 	 Time Taken: 2 sec
learning rate 0.0002000 -> 0.0002000
End of epoch 171 / 400 	 Time Taken: 2 sec
learning rate 0.0002000 -> 0.0002000
End of epoch 172 / 400 	 Time Taken: 2 sec
learning rate 0.0002000 -> 0.0002000
End of epoch 173 / 400 	 Time Taken: 2 sec
learning rate 0.0002000 -> 0.0002000
End of epoch 174 / 400 	 Time Taken: 2 sec
learning rate 0.0002000 -> 0.0002000
(epoch: 175, iters: 256, time: 0.004, data: 1.782) G_GAN: 0.907 G_L1: 4.776 D_real: 0.762 D_fake: 0.543 
End of epoch 175 / 400 	 Time Taken: 2 sec
learning rate 0.0002000 -> 0.0002000
End of epoch 176 / 400 	 Time Taken: 2 sec
learning rate 0.0002000 -> 0.0002000
End of epoch 177 / 400 	 Time Taken: 2 sec
learning rate 0.0002000 -> 0.0002000
End of epoch 178 / 400 	 Time Taken: 2 sec
learning rate 0.0002000 -> 0.0002000
End of epoch 179 / 400 	 Time Taken: 2 sec
learning rate 0.0002000 -> 0.0002000
saving the model at the end of epoch 180, iters 46080
End of epoch 180 / 400 	 Time Taken: 4 sec
learning rate 0.0002000 -> 0.0002000
End of epoch 181 / 400 	 Time Taken: 2 sec
learning rate 0.0002000 -> 0.0002000
End of epoch 182 / 400 	 Time Taken: 2 sec
learning rate 0.0002000 -> 0.0002000
End of epoch 183 / 400 	 Time Taken: 2 sec
learning rate 0.0002000 -> 0.0002000
End of epoch 184 / 400 	 Time Taken: 2 sec
learning rate 0.0002000 -> 0.0002000
End of epoch 185 / 400 	 Time Taken: 2 sec
learning rate 0.0002000 -> 0.0002000
End of epoch 186 / 400 	 Time Taken: 2 sec
learning rate 0.0002000 -> 0.0002000
End of epoch 187 / 400 	 Time Taken: 2 sec
learning rate 0.0002000 -> 0.0002000
End of epoch 188 / 400 	 Time Taken: 2 sec
learning rate 0.0002000 -> 0.0002000
End of epoch 189 / 400 	 Time Taken: 2 sec
learning rate 0.0002000 -> 0.0002000
End of epoch 190 / 400 	 Time Taken: 2 sec
learning rate 0.0002000 -> 0.0002000
End of epoch 191 / 400 	 Time Taken: 2 sec
learning rate 0.0002000 -> 0.0002000
End of epoch 192 / 400 	 Time Taken: 2 sec
learning rate 0.0002000 -> 0.0002000
End of epoch 193 / 400 	 Time Taken: 2 sec
learning rate 0.0002000 -> 0.0002000
End of epoch 194 / 400 	 Time Taken: 2 sec
learning rate 0.0002000 -> 0.0002000
End of epoch 195 / 400 	 Time Taken: 2 sec
learning rate 0.0002000 -> 0.0002000
End of epoch 196 / 400 	 Time Taken: 2 sec
learning rate 0.0002000 -> 0.0002000
End of epoch 197 / 400 	 Time Taken: 2 sec
learning rate 0.0002000 -> 0.0002000
End of epoch 198 / 400 	 Time Taken: 2 sec
learning rate 0.0002000 -> 0.0002000
End of epoch 199 / 400 	 Time Taken: 2 sec
learning rate 0.0002000 -> 0.0002000
(epoch: 200, iters: 256, time: 0.004, data: 1.836) G_GAN: 1.108 G_L1: 4.268 D_real: 0.482 D_fake: 0.685 
saving the model at the end of epoch 200, iters 51200
End of epoch 200 / 400 	 Time Taken: 5 sec
learning rate 0.0002000 -> 0.0002000
End of epoch 201 / 400 	 Time Taken: 2 sec
learning rate 0.0002000 -> 0.0002000
End of epoch 202 / 400 	 Time Taken: 2 sec
learning rate 0.0002000 -> 0.0002000
End of epoch 203 / 400 	 Time Taken: 2 sec
learning rate 0.0002000 -> 0.0002000
End of epoch 204 / 400 	 Time Taken: 2 sec
learning rate 0.0002000 -> 0.0002000
End of epoch 205 / 400 	 Time Taken: 2 sec
learning rate 0.0002000 -> 0.0002000
End of epoch 206 / 400 	 Time Taken: 2 sec
learning rate 0.0002000 -> 0.0002000
End of epoch 207 / 400 	 Time Taken: 2 sec
learning rate 0.0002000 -> 0.0002000
End of epoch 208 / 400 	 Time Taken: 2 sec
learning rate 0.0002000 -> 0.0002000
End of epoch 209 / 400 	 Time Taken: 2 sec
learning rate 0.0002000 -> 0.0002000
End of epoch 210 / 400 	 Time Taken: 2 sec
learning rate 0.0002000 -> 0.0002000
End of epoch 211 / 400 	 Time Taken: 2 sec
learning rate 0.0002000 -> 0.0002000
End of epoch 212 / 400 	 Time Taken: 2 sec
learning rate 0.0002000 -> 0.0002000
End of epoch 213 / 400 	 Time Taken: 2 sec
learning rate 0.0002000 -> 0.0002000
End of epoch 214 / 400 	 Time Taken: 2 sec
learning rate 0.0002000 -> 0.0002000
End of epoch 215 / 400 	 Time Taken: 2 sec
learning rate 0.0002000 -> 0.0002000
End of epoch 216 / 400 	 Time Taken: 2 sec
learning rate 0.0002000 -> 0.0002000
End of epoch 217 / 400 	 Time Taken: 2 sec
learning rate 0.0002000 -> 0.0002000
End of epoch 218 / 400 	 Time Taken: 2 sec
learning rate 0.0002000 -> 0.0002000
End of epoch 219 / 400 	 Time Taken: 2 sec
learning rate 0.0002000 -> 0.0002000
saving the model at the end of epoch 220, iters 56320
End of epoch 220 / 400 	 Time Taken: 4 sec
learning rate 0.0002000 -> 0.0002000
End of epoch 221 / 400 	 Time Taken: 2 sec
learning rate 0.0002000 -> 0.0002000
End of epoch 222 / 400 	 Time Taken: 2 sec
learning rate 0.0002000 -> 0.0002000
End of epoch 223 / 400 	 Time Taken: 2 sec
learning rate 0.0002000 -> 0.0002000
End of epoch 224 / 400 	 Time Taken: 2 sec
learning rate 0.0002000 -> 0.0002000
(epoch: 225, iters: 256, time: 0.004, data: 1.913) G_GAN: 1.084 G_L1: 4.239 D_real: 0.525 D_fake: 0.550 
End of epoch 225 / 400 	 Time Taken: 2 sec
learning rate 0.0002000 -> 0.0002000
End of epoch 226 / 400 	 Time Taken: 2 sec
learning rate 0.0002000 -> 0.0002000
End of epoch 227 / 400 	 Time Taken: 2 sec
learning rate 0.0002000 -> 0.0002000
End of epoch 228 / 400 	 Time Taken: 2 sec
learning rate 0.0002000 -> 0.0002000
End of epoch 229 / 400 	 Time Taken: 2 sec
learning rate 0.0002000 -> 0.0002000
End of epoch 230 / 400 	 Time Taken: 2 sec
learning rate 0.0002000 -> 0.0002000
End of epoch 231 / 400 	 Time Taken: 2 sec
learning rate 0.0002000 -> 0.0002000
End of epoch 232 / 400 	 Time Taken: 2 sec
learning rate 0.0002000 -> 0.0002000
End of epoch 233 / 400 	 Time Taken: 2 sec
learning rate 0.0002000 -> 0.0002000
End of epoch 234 / 400 	 Time Taken: 2 sec
learning rate 0.0002000 -> 0.0002000
End of epoch 235 / 400 	 Time Taken: 2 sec
learning rate 0.0002000 -> 0.0002000
End of epoch 236 / 400 	 Time Taken: 2 sec
learning rate 0.0002000 -> 0.0002000
End of epoch 237 / 400 	 Time Taken: 2 sec
learning rate 0.0002000 -> 0.0002000
End of epoch 238 / 400 	 Time Taken: 2 sec
learning rate 0.0002000 -> 0.0002000
End of epoch 239 / 400 	 Time Taken: 2 sec
learning rate 0.0002000 -> 0.0002000
saving the model at the end of epoch 240, iters 61440
End of epoch 240 / 400 	 Time Taken: 4 sec
learning rate 0.0002000 -> 0.0002000
End of epoch 241 / 400 	 Time Taken: 2 sec
learning rate 0.0002000 -> 0.0002000
End of epoch 242 / 400 	 Time Taken: 2 sec
learning rate 0.0002000 -> 0.0002000
End of epoch 243 / 400 	 Time Taken: 2 sec
learning rate 0.0002000 -> 0.0002000
End of epoch 244 / 400 	 Time Taken: 2 sec
learning rate 0.0002000 -> 0.0002000
End of epoch 245 / 400 	 Time Taken: 2 sec
learning rate 0.0002000 -> 0.0002000
End of epoch 246 / 400 	 Time Taken: 2 sec
learning rate 0.0002000 -> 0.0002000
End of epoch 247 / 400 	 Time Taken: 2 sec
learning rate 0.0002000 -> 0.0002000
End of epoch 248 / 400 	 Time Taken: 2 sec
learning rate 0.0002000 -> 0.0002000
End of epoch 249 / 400 	 Time Taken: 2 sec
learning rate 0.0002000 -> 0.0002000
(epoch: 250, iters: 256, time: 0.004, data: 1.818) G_GAN: 0.864 G_L1: 4.325 D_real: 0.559 D_fake: 0.485 
End of epoch 250 / 400 	 Time Taken: 3 sec
learning rate 0.0002000 -> 0.0002000
End of epoch 251 / 400 	 Time Taken: 2 sec
learning rate 0.0002000 -> 0.0002000
End of epoch 252 / 400 	 Time Taken: 2 sec
learning rate 0.0002000 -> 0.0002000
End of epoch 253 / 400 	 Time Taken: 2 sec
learning rate 0.0002000 -> 0.0002000
End of epoch 254 / 400 	 Time Taken: 2 sec
learning rate 0.0002000 -> 0.0002000
End of epoch 255 / 400 	 Time Taken: 2 sec
learning rate 0.0002000 -> 0.0002000
End of epoch 256 / 400 	 Time Taken: 2 sec
learning rate 0.0002000 -> 0.0002000
End of epoch 257 / 400 	 Time Taken: 2 sec
learning rate 0.0002000 -> 0.0002000
End of epoch 258 / 400 	 Time Taken: 2 sec
learning rate 0.0002000 -> 0.0002000
End of epoch 259 / 400 	 Time Taken: 2 sec
learning rate 0.0002000 -> 0.0002000
saving the model at the end of epoch 260, iters 66560
End of epoch 260 / 400 	 Time Taken: 4 sec
learning rate 0.0002000 -> 0.0002000
End of epoch 261 / 400 	 Time Taken: 2 sec
learning rate 0.0002000 -> 0.0002000
End of epoch 262 / 400 	 Time Taken: 2 sec
learning rate 0.0002000 -> 0.0002000
End of epoch 263 / 400 	 Time Taken: 2 sec
learning rate 0.0002000 -> 0.0002000
End of epoch 264 / 400 	 Time Taken: 2 sec
learning rate 0.0002000 -> 0.0002000
End of epoch 265 / 400 	 Time Taken: 2 sec
learning rate 0.0002000 -> 0.0002000
End of epoch 266 / 400 	 Time Taken: 2 sec
learning rate 0.0002000 -> 0.0002000
End of epoch 267 / 400 	 Time Taken: 2 sec
learning rate 0.0002000 -> 0.0002000
End of epoch 268 / 400 	 Time Taken: 2 sec
learning rate 0.0002000 -> 0.0002000
End of epoch 269 / 400 	 Time Taken: 2 sec
learning rate 0.0002000 -> 0.0002000
End of epoch 270 / 400 	 Time Taken: 2 sec
learning rate 0.0002000 -> 0.0002000
End of epoch 271 / 400 	 Time Taken: 2 sec
learning rate 0.0002000 -> 0.0002000
End of epoch 272 / 400 	 Time Taken: 2 sec
learning rate 0.0002000 -> 0.0002000
End of epoch 273 / 400 	 Time Taken: 2 sec
learning rate 0.0002000 -> 0.0002000
End of epoch 274 / 400 	 Time Taken: 2 sec
learning rate 0.0002000 -> 0.0002000
(epoch: 275, iters: 256, time: 0.005, data: 1.870) G_GAN: 1.178 G_L1: 3.762 D_real: 0.812 D_fake: 0.479 
End of epoch 275 / 400 	 Time Taken: 3 sec
learning rate 0.0002000 -> 0.0002000
End of epoch 276 / 400 	 Time Taken: 2 sec
learning rate 0.0002000 -> 0.0002000
End of epoch 277 / 400 	 Time Taken: 2 sec
learning rate 0.0002000 -> 0.0002000
End of epoch 278 / 400 	 Time Taken: 2 sec
learning rate 0.0002000 -> 0.0002000
End of epoch 279 / 400 	 Time Taken: 2 sec
learning rate 0.0002000 -> 0.0002000
saving the model at the end of epoch 280, iters 71680
End of epoch 280 / 400 	 Time Taken: 4 sec
learning rate 0.0002000 -> 0.0002000
End of epoch 281 / 400 	 Time Taken: 2 sec
learning rate 0.0002000 -> 0.0002000
End of epoch 282 / 400 	 Time Taken: 2 sec
learning rate 0.0002000 -> 0.0002000
End of epoch 283 / 400 	 Time Taken: 2 sec
learning rate 0.0002000 -> 0.0002000
End of epoch 284 / 400 	 Time Taken: 2 sec
learning rate 0.0002000 -> 0.0002000
End of epoch 285 / 400 	 Time Taken: 2 sec
learning rate 0.0002000 -> 0.0002000
End of epoch 286 / 400 	 Time Taken: 2 sec
learning rate 0.0002000 -> 0.0002000
End of epoch 287 / 400 	 Time Taken: 2 sec
learning rate 0.0002000 -> 0.0002000
End of epoch 288 / 400 	 Time Taken: 2 sec
learning rate 0.0002000 -> 0.0002000
End of epoch 289 / 400 	 Time Taken: 2 sec
learning rate 0.0002000 -> 0.0002000
End of epoch 290 / 400 	 Time Taken: 2 sec
learning rate 0.0002000 -> 0.0002000
End of epoch 291 / 400 	 Time Taken: 2 sec
learning rate 0.0002000 -> 0.0002000
End of epoch 292 / 400 	 Time Taken: 2 sec
learning rate 0.0002000 -> 0.0002000
End of epoch 293 / 400 	 Time Taken: 2 sec
learning rate 0.0002000 -> 0.0002000
End of epoch 294 / 400 	 Time Taken: 2 sec
learning rate 0.0002000 -> 0.0002000
End of epoch 295 / 400 	 Time Taken: 2 sec
learning rate 0.0002000 -> 0.0002000
End of epoch 296 / 400 	 Time Taken: 2 sec
learning rate 0.0002000 -> 0.0002000
End of epoch 297 / 400 	 Time Taken: 2 sec
learning rate 0.0002000 -> 0.0002000
End of epoch 298 / 400 	 Time Taken: 2 sec
learning rate 0.0002000 -> 0.0002000
End of epoch 299 / 400 	 Time Taken: 2 sec
learning rate 0.0002000 -> 0.0001980
(epoch: 300, iters: 256, time: 0.004, data: 1.784) G_GAN: 1.166 G_L1: 3.918 D_real: 0.459 D_fake: 0.735 
saving the model at the end of epoch 300, iters 76800
End of epoch 300 / 400 	 Time Taken: 5 sec
learning rate 0.0001980 -> 0.0001960
End of epoch 301 / 400 	 Time Taken: 2 sec
learning rate 0.0001960 -> 0.0001941
End of epoch 302 / 400 	 Time Taken: 2 sec
learning rate 0.0001941 -> 0.0001921
End of epoch 303 / 400 	 Time Taken: 2 sec
learning rate 0.0001921 -> 0.0001901
End of epoch 304 / 400 	 Time Taken: 2 sec
learning rate 0.0001901 -> 0.0001881
End of epoch 305 / 400 	 Time Taken: 2 sec
learning rate 0.0001881 -> 0.0001861
End of epoch 306 / 400 	 Time Taken: 2 sec
learning rate 0.0001861 -> 0.0001842
End of epoch 307 / 400 	 Time Taken: 2 sec
learning rate 0.0001842 -> 0.0001822
End of epoch 308 / 400 	 Time Taken: 2 sec
learning rate 0.0001822 -> 0.0001802
End of epoch 309 / 400 	 Time Taken: 2 sec
learning rate 0.0001802 -> 0.0001782
End of epoch 310 / 400 	 Time Taken: 2 sec
learning rate 0.0001782 -> 0.0001762
End of epoch 311 / 400 	 Time Taken: 2 sec
learning rate 0.0001762 -> 0.0001743
End of epoch 312 / 400 	 Time Taken: 2 sec
learning rate 0.0001743 -> 0.0001723
End of epoch 313 / 400 	 Time Taken: 2 sec
learning rate 0.0001723 -> 0.0001703
End of epoch 314 / 400 	 Time Taken: 2 sec
learning rate 0.0001703 -> 0.0001683
End of epoch 315 / 400 	 Time Taken: 2 sec
learning rate 0.0001683 -> 0.0001663
End of epoch 316 / 400 	 Time Taken: 2 sec
learning rate 0.0001663 -> 0.0001644
End of epoch 317 / 400 	 Time Taken: 2 sec
learning rate 0.0001644 -> 0.0001624
End of epoch 318 / 400 	 Time Taken: 2 sec
learning rate 0.0001624 -> 0.0001604
End of epoch 319 / 400 	 Time Taken: 2 sec
learning rate 0.0001604 -> 0.0001584
saving the model at the end of epoch 320, iters 81920
End of epoch 320 / 400 	 Time Taken: 4 sec
learning rate 0.0001584 -> 0.0001564
End of epoch 321 / 400 	 Time Taken: 2 sec
learning rate 0.0001564 -> 0.0001545
End of epoch 322 / 400 	 Time Taken: 2 sec
learning rate 0.0001545 -> 0.0001525
End of epoch 323 / 400 	 Time Taken: 2 sec
learning rate 0.0001525 -> 0.0001505
End of epoch 324 / 400 	 Time Taken: 2 sec
learning rate 0.0001505 -> 0.0001485
(epoch: 325, iters: 256, time: 0.005, data: 1.836) G_GAN: 1.055 G_L1: 4.066 D_real: 0.489 D_fake: 0.479 
End of epoch 325 / 400 	 Time Taken: 3 sec
learning rate 0.0001485 -> 0.0001465
End of epoch 326 / 400 	 Time Taken: 2 sec
learning rate 0.0001465 -> 0.0001446
End of epoch 327 / 400 	 Time Taken: 2 sec
learning rate 0.0001446 -> 0.0001426
End of epoch 328 / 400 	 Time Taken: 2 sec
learning rate 0.0001426 -> 0.0001406
End of epoch 329 / 400 	 Time Taken: 2 sec
learning rate 0.0001406 -> 0.0001386
End of epoch 330 / 400 	 Time Taken: 2 sec
learning rate 0.0001386 -> 0.0001366
End of epoch 331 / 400 	 Time Taken: 2 sec
learning rate 0.0001366 -> 0.0001347
End of epoch 332 / 400 	 Time Taken: 2 sec
learning rate 0.0001347 -> 0.0001327
End of epoch 333 / 400 	 Time Taken: 2 sec
learning rate 0.0001327 -> 0.0001307
End of epoch 334 / 400 	 Time Taken: 2 sec
learning rate 0.0001307 -> 0.0001287
End of epoch 335 / 400 	 Time Taken: 2 sec
learning rate 0.0001287 -> 0.0001267
End of epoch 336 / 400 	 Time Taken: 2 sec
learning rate 0.0001267 -> 0.0001248
End of epoch 337 / 400 	 Time Taken: 2 sec
learning rate 0.0001248 -> 0.0001228
End of epoch 338 / 400 	 Time Taken: 2 sec
learning rate 0.0001228 -> 0.0001208
End of epoch 339 / 400 	 Time Taken: 2 sec
learning rate 0.0001208 -> 0.0001188
saving the model at the end of epoch 340, iters 87040
End of epoch 340 / 400 	 Time Taken: 4 sec
learning rate 0.0001188 -> 0.0001168
End of epoch 341 / 400 	 Time Taken: 2 sec
learning rate 0.0001168 -> 0.0001149
End of epoch 342 / 400 	 Time Taken: 2 sec
learning rate 0.0001149 -> 0.0001129
End of epoch 343 / 400 	 Time Taken: 2 sec
learning rate 0.0001129 -> 0.0001109
End of epoch 344 / 400 	 Time Taken: 2 sec
learning rate 0.0001109 -> 0.0001089
End of epoch 345 / 400 	 Time Taken: 2 sec
learning rate 0.0001089 -> 0.0001069
End of epoch 346 / 400 	 Time Taken: 2 sec
learning rate 0.0001069 -> 0.0001050
End of epoch 347 / 400 	 Time Taken: 2 sec
learning rate 0.0001050 -> 0.0001030
End of epoch 348 / 400 	 Time Taken: 2 sec
learning rate 0.0001030 -> 0.0001010
End of epoch 349 / 400 	 Time Taken: 2 sec
learning rate 0.0001010 -> 0.0000990
(epoch: 350, iters: 256, time: 0.005, data: 1.831) G_GAN: 0.892 G_L1: 3.945 D_real: 0.581 D_fake: 0.517 
End of epoch 350 / 400 	 Time Taken: 3 sec
learning rate 0.0000990 -> 0.0000970
End of epoch 351 / 400 	 Time Taken: 2 sec
learning rate 0.0000970 -> 0.0000950
End of epoch 352 / 400 	 Time Taken: 2 sec
learning rate 0.0000950 -> 0.0000931
End of epoch 353 / 400 	 Time Taken: 2 sec
learning rate 0.0000931 -> 0.0000911
End of epoch 354 / 400 	 Time Taken: 2 sec
learning rate 0.0000911 -> 0.0000891
End of epoch 355 / 400 	 Time Taken: 2 sec
learning rate 0.0000891 -> 0.0000871
End of epoch 356 / 400 	 Time Taken: 2 sec
learning rate 0.0000871 -> 0.0000851
End of epoch 357 / 400 	 Time Taken: 2 sec
learning rate 0.0000851 -> 0.0000832
End of epoch 358 / 400 	 Time Taken: 2 sec
learning rate 0.0000832 -> 0.0000812
End of epoch 359 / 400 	 Time Taken: 2 sec
learning rate 0.0000812 -> 0.0000792
saving the model at the end of epoch 360, iters 92160
End of epoch 360 / 400 	 Time Taken: 4 sec
learning rate 0.0000792 -> 0.0000772
End of epoch 361 / 400 	 Time Taken: 2 sec
learning rate 0.0000772 -> 0.0000752
End of epoch 362 / 400 	 Time Taken: 2 sec
learning rate 0.0000752 -> 0.0000733
End of epoch 363 / 400 	 Time Taken: 2 sec
learning rate 0.0000733 -> 0.0000713
End of epoch 364 / 400 	 Time Taken: 2 sec
learning rate 0.0000713 -> 0.0000693
End of epoch 365 / 400 	 Time Taken: 2 sec
learning rate 0.0000693 -> 0.0000673
End of epoch 366 / 400 	 Time Taken: 2 sec
learning rate 0.0000673 -> 0.0000653
End of epoch 367 / 400 	 Time Taken: 2 sec
learning rate 0.0000653 -> 0.0000634
End of epoch 368 / 400 	 Time Taken: 2 sec
learning rate 0.0000634 -> 0.0000614
End of epoch 369 / 400 	 Time Taken: 2 sec
learning rate 0.0000614 -> 0.0000594
End of epoch 370 / 400 	 Time Taken: 2 sec
learning rate 0.0000594 -> 0.0000574
End of epoch 371 / 400 	 Time Taken: 2 sec
learning rate 0.0000574 -> 0.0000554
End of epoch 372 / 400 	 Time Taken: 2 sec
learning rate 0.0000554 -> 0.0000535
End of epoch 373 / 400 	 Time Taken: 2 sec
learning rate 0.0000535 -> 0.0000515
End of epoch 374 / 400 	 Time Taken: 2 sec
learning rate 0.0000515 -> 0.0000495
(epoch: 375, iters: 256, time: 0.005, data: 1.780) G_GAN: 0.928 G_L1: 3.837 D_real: 0.567 D_fake: 0.528 
End of epoch 375 / 400 	 Time Taken: 3 sec
learning rate 0.0000495 -> 0.0000475
End of epoch 376 / 400 	 Time Taken: 2 sec
learning rate 0.0000475 -> 0.0000455
End of epoch 377 / 400 	 Time Taken: 2 sec
learning rate 0.0000455 -> 0.0000436
End of epoch 378 / 400 	 Time Taken: 2 sec
learning rate 0.0000436 -> 0.0000416
End of epoch 379 / 400 	 Time Taken: 2 sec
learning rate 0.0000416 -> 0.0000396
saving the model at the end of epoch 380, iters 97280
End of epoch 380 / 400 	 Time Taken: 4 sec
learning rate 0.0000396 -> 0.0000376
End of epoch 381 / 400 	 Time Taken: 2 sec
learning rate 0.0000376 -> 0.0000356
End of epoch 382 / 400 	 Time Taken: 2 sec
learning rate 0.0000356 -> 0.0000337
End of epoch 383 / 400 	 Time Taken: 2 sec
learning rate 0.0000337 -> 0.0000317
End of epoch 384 / 400 	 Time Taken: 2 sec
learning rate 0.0000317 -> 0.0000297
End of epoch 385 / 400 	 Time Taken: 2 sec
learning rate 0.0000297 -> 0.0000277
End of epoch 386 / 400 	 Time Taken: 2 sec
learning rate 0.0000277 -> 0.0000257
End of epoch 387 / 400 	 Time Taken: 2 sec
learning rate 0.0000257 -> 0.0000238
End of epoch 388 / 400 	 Time Taken: 2 sec
learning rate 0.0000238 -> 0.0000218
End of epoch 389 / 400 	 Time Taken: 2 sec
learning rate 0.0000218 -> 0.0000198
End of epoch 390 / 400 	 Time Taken: 2 sec
learning rate 0.0000198 -> 0.0000178
End of epoch 391 / 400 	 Time Taken: 2 sec
learning rate 0.0000178 -> 0.0000158
End of epoch 392 / 400 	 Time Taken: 2 sec
learning rate 0.0000158 -> 0.0000139
End of epoch 393 / 400 	 Time Taken: 2 sec
learning rate 0.0000139 -> 0.0000119
End of epoch 394 / 400 	 Time Taken: 2 sec
learning rate 0.0000119 -> 0.0000099
End of epoch 395 / 400 	 Time Taken: 2 sec
learning rate 0.0000099 -> 0.0000079
End of epoch 396 / 400 	 Time Taken: 2 sec
learning rate 0.0000079 -> 0.0000059
End of epoch 397 / 400 	 Time Taken: 2 sec
learning rate 0.0000059 -> 0.0000040
End of epoch 398 / 400 	 Time Taken: 2 sec
learning rate 0.0000040 -> 0.0000020
End of epoch 399 / 400 	 Time Taken: 3 sec
learning rate 0.0000020 -> 0.0000000
(epoch: 400, iters: 256, time: 0.007, data: 1.792) G_GAN: 1.003 G_L1: 3.783 D_real: 0.518 D_fake: 0.488 
saving the model at the end of epoch 400, iters 102400
End of epoch 400 / 400 	 Time Taken: 7 sec
